<?xml version="1.0" encoding="UTF-8"?>
<testng-results ignored="0" total="2" passed="2" failed="0" skipped="0">
  <reporter-output>
    <line>
      <![CDATA[test case pass]]>
    </line>
    <line>
      <![CDATA[test case pass]]>
    </line>
  </reporter-output>
  <suite started-at="2024-02-05T02:32:58 IST" name="Default suite" finished-at="2024-02-05T02:33:22 IST" duration-ms="24452">
    <groups>
    </groups>
    <test started-at="2024-02-05T02:32:58 IST" name="Default test" finished-at="2024-02-05T02:33:22 IST" duration-ms="24452">
      <class name="Totestlogin">
        <test-method is-config="true" signature="beforeclass()[pri:0, instance:Totestlogin@957e06]" started-at="2024-02-05T02:32:58 IST" name="beforeclass" finished-at="2024-02-05T02:33:21 IST" duration-ms="22919" status="PASS">
          <reporter-output>
          </reporter-output>
        </test-method> <!-- beforeclass -->
        <test-method is-config="true" signature="beforem()[pri:0, instance:Totestlogin@957e06]" started-at="2024-02-05T02:33:21 IST" name="beforem" finished-at="2024-02-05T02:33:21 IST" duration-ms="507" status="PASS">
          <reporter-output>
          </reporter-output>
        </test-method> <!-- beforem -->
        <test-method signature="testmethod()[pri:0, instance:Totestlogin@957e06]" started-at="2024-02-05T02:33:21 IST" name="testmethod" finished-at="2024-02-05T02:33:22 IST" duration-ms="664" status="PASS">
          <reporter-output>
          </reporter-output>
        </test-method> <!-- testmethod -->
        <test-method is-config="true" signature="aftermethod()[pri:0, instance:Totestlogin@957e06]" started-at="2024-02-05T02:33:22 IST" name="aftermethod" finished-at="2024-02-05T02:33:22 IST" duration-ms="1" status="PASS">
          <reporter-output>
            <line>
              <![CDATA[test case pass]]>
            </line>
          </reporter-output>
        </test-method> <!-- aftermethod -->
        <test-method is-config="true" signature="beforem()[pri:0, instance:Totestlogin@957e06]" started-at="2024-02-05T02:33:22 IST" name="beforem" finished-at="2024-02-05T02:33:22 IST" duration-ms="1" status="PASS">
          <reporter-output>
          </reporter-output>
        </test-method> <!-- beforem -->
        <test-method signature="tm1()[pri:0, instance:Totestlogin@957e06]" started-at="2024-02-05T02:33:22 IST" name="tm1" finished-at="2024-02-05T02:33:22 IST" duration-ms="3" status="PASS">
          <reporter-output>
          </reporter-output>
        </test-method> <!-- tm1 -->
        <test-method is-config="true" signature="aftermethod()[pri:0, instance:Totestlogin@957e06]" started-at="2024-02-05T02:33:22 IST" name="aftermethod" finished-at="2024-02-05T02:33:22 IST" duration-ms="1" status="PASS">
          <reporter-output>
            <line>
              <![CDATA[test case pass]]>
            </line>
          </reporter-output>
        </test-method> <!-- aftermethod -->
        <test-method is-config="true" signature="afterclassmethod()[pri:0, instance:Totestlogin@957e06]" started-at="2024-02-05T02:33:22 IST" name="afterclassmethod" finished-at="2024-02-05T02:33:22 IST" duration-ms="284" status="PASS">
          <reporter-output>
          </reporter-output>
        </test-method> <!-- afterclassmethod -->
      </class> <!-- Totestlogin -->
    </test> <!-- Default test -->
  </suite> <!-- Default suite -->
</testng-results>
